<?xml version="1.0" encoding="UTF-8"?>
<!-- Generated by org.testng.reporters.JUnitReportReporter -->
<testsuite skipped="0" hostname="Karishma-PC" name="TestCasesForFunctionalTesting.LoginPageTestCase" tests="2" failures="0" timestamp="14 Oct 2018 10:10:08 GMT" time="62.161" errors="0">
  <testcase name="validateLogin" time="13.723" classname="TestCasesForFunctionalTesting.LoginPageTestCase"/>
  <testcase name="validateLinks" time="48.438" classname="TestCasesForFunctionalTesting.LoginPageTestCase"/>
</testsuite> <!-- TestCasesForFunctionalTesting.LoginPageTestCase -->
