<?xml version="1.0" encoding="UTF-8"?>
<!-- Generated by org.testng.reporters.JUnitReportReporter -->
<testsuite skipped="0" hostname="Karishma-PC" name="TestCasesForFunctionalTesting.LoginPageTestCase" tests="2" failures="0" timestamp="21 Oct 2018 06:09:46 GMT" time="73.198" errors="0">
  <testcase name="validateLogin" time="12.892" classname="TestCasesForFunctionalTesting.LoginPageTestCase"/>
  <testcase name="validateLinks" time="60.306" classname="TestCasesForFunctionalTesting.LoginPageTestCase"/>
</testsuite> <!-- TestCasesForFunctionalTesting.LoginPageTestCase -->
